<?xml version="1.0" encoding="UTF-8"?>
<!-- Generated by org.testng.reporters.JUnitReportReporter -->
<testsuite hostname="DESKTOP-HSE9EN4" failures="0" tests="2" name="TestLayer.LoginPageTest" time="15.656" errors="0" timestamp="2023-07-31T12:35:35 IST" skipped="0">
  <testcase classname="TestLayer.LoginPageTest" name="validateUserLoginFunctionality" time="15.630"/>
  <system-out/>
  <testcase classname="TestLayer.LoginPageTest" name="validateLoginpageFunctionality" time="0.026"/>
  <system-out/>
</testsuite> <!-- TestLayer.LoginPageTest -->
