<?xml version="1.0" encoding="UTF-8"?>
<!-- Generated by org.testng.reporters.JUnitReportReporter -->
<testsuite hostname="DESKTOP-HSE9EN4" failures="0" tests="1" name="JavaTest.JavaTest" time="26.328" errors="0" timestamp="2023-07-20T00:47:56 IST" skipped="0">
  <testcase classname="JavaTest.JavaTest" name="init" time="26.328"/>
  <system-out/>
</testsuite> <!-- JavaTest.JavaTest -->
