<?xml version="1.0" encoding="UTF-8"?>
<!-- Generated by org.testng.reporters.JUnitReportReporter -->
<testsuite hostname="DESKTOP-HSE9EN4" failures="0" tests="2" name="TestLayer.RegisterSuccessTest" time="0.553" errors="0" timestamp="2023-07-31T12:35:35 IST" skipped="0">
  <testcase classname="TestLayer.RegisterSuccessTest" name="validateSuccessPageUrl" time="0.118"/>
  <system-out/>
  <testcase classname="TestLayer.RegisterSuccessTest" name="clickOntheSignUpLinkInSuccessPage" time="0.435"/>
  <system-out/>
</testsuite> <!-- TestLayer.RegisterSuccessTest -->
