<?xml version="1.0" encoding="UTF-8"?>
<!-- Generated by org.testng.reporters.JUnitReportReporter -->
<testsuite hostname="DESKTOP-HSE9EN4" failures="0" tests="1" name="TestLayer.LoginSucessPageTest" time="0.049" errors="0" timestamp="2023-07-31T12:35:35 IST" skipped="0">
  <testcase classname="TestLayer.LoginSucessPageTest" name="validateLoginSucess" time="0.049"/>
  <system-out/>
</testsuite> <!-- TestLayer.LoginSucessPageTest -->
